
Attaching package: 'dplyr'

The following objects are masked from 'package:stats':

    filter, lag

The following objects are masked from 'package:base':

    intersect, setdiff, setequal, union

[1] "SVD Accuracy summary (overall):"
           algorithm TP TN FP FN total accuracy
1  conclusion_10_125 53 11 16 29   109   0.5872
2   conclusion_10_60 74  4 23  8   109   0.7156
3   conclusion_10_75 74  5 22  8   109   0.7248
4  conclusion_10_150 46 15 12 36   109   0.5596
5   conclusion_40_60 77  1 26  5   109   0.7156
6   conclusion_40_75 75  0 27  7   109   0.6881
7  conclusion_40_100 71  5 22 11   109   0.6972
8  conclusion_40_125 69  6 21 13   109   0.6881
9  conclusion_40_150 58 10 17 24   109   0.6239
10  conclusion_30_75 75  1 26  7   109   0.6972
11 conclusion_30_100 70  6 21 12   109   0.6972
12 conclusion_30_125 65  8 19 17   109   0.6697
13 conclusion_30_150 52  9 18 30   109   0.5596
[1] "SVD Accuracy by battery category (first 15 rows):"
# A tibble: 15 x 8
   algorithm         battery_category     TP    TN    FP    FN total accuracy
   <chr>             <chr>             <int> <int> <int> <int> <int>    <dbl>
 1 conclusion_10_125 Commercial (LCO)      6     0     0     1     7    0.857
 2 conclusion_10_125 Commercial (LFP)      5     1     8     2    16    0.375
 3 conclusion_10_125 Commercial (NMC)      5     0     1     7    13    0.385
 4 conclusion_10_125 Lab/Custom            2     0     0     2     4    0.5  
 5 conclusion_10_125 Lab/Generic          27     1     2     8    38    0.737
 6 conclusion_10_125 Soteria               0     9     5     1    15    0.6  
 7 conclusion_10_125 Soteria (Control)     8     0     0     8    16    0.5  
 8 conclusion_10_60  Commercial (LCO)      6     0     0     1     7    0.857
 9 conclusion_10_60  Commercial (LFP)      7     0     9     0    16    0.438
10 conclusion_10_60  Commercial (NMC)      9     0     1     3    13    0.692
11 conclusion_10_60  Lab/Custom            3     0     0     1     4    0.75 
12 conclusion_10_60  Lab/Generic          34     0     3     1    38    0.895
13 conclusion_10_60  Soteria               0     4    10     1    15    0.267
14 conclusion_10_60  Soteria (Control)    15     0     0     1    16    0.938
15 conclusion_10_75  Commercial (LCO)      6     0     0     1     7    0.857
Done. Outputs: SVD_accuracy_summary.csv, SVD_accuracy_by_category.csv, SVD_accuracy_by_battery_chemistry.csv, SVD_summary_by_battery_category.csv, and PNG plots.
